<?xml version="1.0" encoding="UTF-8"?>
<testng-results skipped="0" failed="0" ignored="0" total="1" passed="1">
  <reporter-output>
  </reporter-output>
  <suite name="Default suite" duration-ms="43821" started-at="2020-02-08T09:13:00 CST" finished-at="2020-02-08T09:13:44 CST">
    <groups>
    </groups>
    <test name="Default test" duration-ms="43821" started-at="2020-02-08T09:13:00 CST" finished-at="2020-02-08T09:13:44 CST">
      <class name="learntestnh.addDeposit">
        <test-method status="PASS" signature="usershouldusetransiaction()[pri:0, instance:learntestnh.addDeposit@2758fe70]" name="usershouldusetransiaction" is-config="true" duration-ms="6897" started-at="2020-02-08T09:13:00 CST" finished-at="2020-02-08T09:13:07 CST">
          <reporter-output>
          </reporter-output>
        </test-method> <!-- usershouldusetransiaction -->
        <test-method status="PASS" signature="userShouldBeAbleToAddDeposite()[pri:0, instance:learntestnh.addDeposit@2758fe70]" name="userShouldBeAbleToAddDeposite" duration-ms="33966" started-at="2020-02-08T09:13:07 CST" finished-at="2020-02-08T09:13:41 CST">
          <reporter-output>
          </reporter-output>
        </test-method> <!-- userShouldBeAbleToAddDeposite -->
        <test-method status="PASS" signature="close()[pri:0, instance:learntestnh.addDeposit@2758fe70]" name="close" is-config="true" duration-ms="2872" started-at="2020-02-08T09:13:41 CST" finished-at="2020-02-08T09:13:44 CST">
          <reporter-output>
          </reporter-output>
        </test-method> <!-- close -->
      </class> <!-- learntestnh.addDeposit -->
    </test> <!-- Default test -->
  </suite> <!-- Default suite -->
</testng-results>
